[2025-01-28T21:29:32.209+0000][gc,init] CardTable entry size: 512
[2025-01-28T21:29:32.209+0000][gc     ] Using G1
[2025-01-28T21:29:32.219+0000][gc,init] Version: 21.0.5+11-LTS (release)
[2025-01-28T21:29:32.219+0000][gc,init] CPUs: 2 total, 2 available
[2025-01-28T21:29:32.219+0000][gc,init] Memory: 7928M
[2025-01-28T21:29:32.219+0000][gc,init] Large Page Support: Disabled
[2025-01-28T21:29:32.219+0000][gc,init] NUMA Support: Disabled
[2025-01-28T21:29:32.219+0000][gc,init] Compressed Oops: Enabled (32-bit)
[2025-01-28T21:29:32.219+0000][gc,init] Heap Region Size: 1M
[2025-01-28T21:29:32.219+0000][gc,init] Heap Min Capacity: 1G
[2025-01-28T21:29:32.219+0000][gc,init] Heap Initial Capacity: 1G
[2025-01-28T21:29:32.219+0000][gc,init] Heap Max Capacity: 1G
[2025-01-28T21:29:32.219+0000][gc,init] Pre-touch: Disabled
[2025-01-28T21:29:32.219+0000][gc,init] Parallel Workers: 2
[2025-01-28T21:29:32.219+0000][gc,init] Concurrent Workers: 1
[2025-01-28T21:29:32.219+0000][gc,init] Concurrent Refinement Workers: 2
[2025-01-28T21:29:32.219+0000][gc,init] Periodic GC: Disabled
[2025-01-28T21:29:32.225+0000][gc,metaspace] CDS archive(s) mapped at: [0x0000737147000000-0x0000737147c97000-0x0000737147c97000), size 13201408, SharedBaseAddress: 0x0000737147000000, ArchiveRelocationMode: 1.
[2025-01-28T21:29:32.225+0000][gc,metaspace] Compressed class space mapped at: 0x0000737148000000-0x0000737188000000, reserved size: 1073741824
[2025-01-28T21:29:32.225+0000][gc,metaspace] Narrow klass base: 0x0000737147000000, Narrow klass shift: 0, Narrow klass range: 0x100000000
[2025-01-28T21:29:33.457+0000][gc,start    ] GC(0) Pause Young (Normal) (G1 Evacuation Pause)
[2025-01-28T21:29:33.457+0000][gc,task     ] GC(0) Using 2 workers of 2 for evacuation
[2025-01-28T21:29:33.466+0000][gc,phases   ] GC(0)   Pre Evacuate Collection Set: 0.1ms
[2025-01-28T21:29:33.466+0000][gc,phases   ] GC(0)   Merge Heap Roots: 0.1ms
[2025-01-28T21:29:33.466+0000][gc,phases   ] GC(0)   Evacuate Collection Set: 8.3ms
[2025-01-28T21:29:33.466+0000][gc,phases   ] GC(0)   Post Evacuate Collection Set: 0.4ms
[2025-01-28T21:29:33.466+0000][gc,phases   ] GC(0)   Other: 0.2ms
[2025-01-28T21:29:33.466+0000][gc,heap     ] GC(0) Eden regions: 51->0(44)
[2025-01-28T21:29:33.466+0000][gc,heap     ] GC(0) Survivor regions: 0->7(7)
[2025-01-28T21:29:33.466+0000][gc,heap     ] GC(0) Old regions: 2->3
[2025-01-28T21:29:33.466+0000][gc,heap     ] GC(0) Humongous regions: 0->0
[2025-01-28T21:29:33.466+0000][gc,metaspace] GC(0) Metaspace: 17189K(17408K)->17189K(17408K) NonClass: 15205K(15296K)->15205K(15296K) Class: 1984K(2112K)->1984K(2112K)
[2025-01-28T21:29:33.466+0000][gc          ] GC(0) Pause Young (Normal) (G1 Evacuation Pause) 52M->8M(1024M) 9.281ms
[2025-01-28T21:29:33.466+0000][gc,cpu      ] GC(0) User=0.02s Sys=0.00s Real=0.01s
[2025-01-28T21:29:33.736+0000][gc,start    ] GC(1) Pause Young (Concurrent Start) (Metadata GC Threshold)
[2025-01-28T21:29:33.736+0000][gc,task     ] GC(1) Using 2 workers of 2 for evacuation
[2025-01-28T21:29:33.744+0000][gc,phases   ] GC(1)   Pre Evacuate Collection Set: 0.2ms
[2025-01-28T21:29:33.744+0000][gc,phases   ] GC(1)   Merge Heap Roots: 0.0ms
[2025-01-28T21:29:33.744+0000][gc,phases   ] GC(1)   Evacuate Collection Set: 7.5ms
[2025-01-28T21:29:33.744+0000][gc,phases   ] GC(1)   Post Evacuate Collection Set: 0.4ms
[2025-01-28T21:29:33.744+0000][gc,phases   ] GC(1)   Other: 0.1ms
[2025-01-28T21:29:33.744+0000][gc,heap     ] GC(1) Eden regions: 16->0(49)
[2025-01-28T21:29:33.744+0000][gc,heap     ] GC(1) Survivor regions: 7->2(7)
[2025-01-28T21:29:33.744+0000][gc,heap     ] GC(1) Old regions: 3->10
[2025-01-28T21:29:33.744+0000][gc,heap     ] GC(1) Humongous regions: 0->0
[2025-01-28T21:29:33.744+0000][gc,metaspace] GC(1) Metaspace: 21285K(21504K)->21285K(21504K) NonClass: 18806K(18944K)->18806K(18944K) Class: 2478K(2560K)->2478K(2560K)
[2025-01-28T21:29:33.744+0000][gc          ] GC(1) Pause Young (Concurrent Start) (Metadata GC Threshold) 24M->11M(1024M) 8.338ms
[2025-01-28T21:29:33.744+0000][gc,cpu      ] GC(1) User=0.01s Sys=0.01s Real=0.00s
[2025-01-28T21:29:33.744+0000][gc          ] GC(2) Concurrent Mark Cycle
[2025-01-28T21:29:33.744+0000][gc,marking  ] GC(2) Concurrent Scan Root Regions
[2025-01-28T21:29:33.748+0000][gc,marking  ] GC(2) Concurrent Scan Root Regions 3.689ms
[2025-01-28T21:29:33.748+0000][gc,marking  ] GC(2) Concurrent Mark
[2025-01-28T21:29:33.748+0000][gc,marking  ] GC(2) Concurrent Mark From Roots
[2025-01-28T21:29:33.748+0000][gc,task     ] GC(2) Using 1 workers of 1 for marking
[2025-01-28T21:29:33.753+0000][gc,marking  ] GC(2) Concurrent Mark From Roots 5.003ms
[2025-01-28T21:29:33.753+0000][gc,marking  ] GC(2) Concurrent Preclean
[2025-01-28T21:29:33.753+0000][gc,marking  ] GC(2) Concurrent Preclean 0.010ms
[2025-01-28T21:29:33.753+0000][gc,start    ] GC(2) Pause Remark
[2025-01-28T21:29:33.756+0000][gc          ] GC(2) Pause Remark 11M->11M(1024M) 2.536ms
[2025-01-28T21:29:33.756+0000][gc,cpu      ] GC(2) User=0.00s Sys=0.00s Real=0.01s
[2025-01-28T21:29:33.756+0000][gc,marking  ] GC(2) Concurrent Mark 7.908ms
[2025-01-28T21:29:33.756+0000][gc,marking  ] GC(2) Concurrent Rebuild Remembered Sets and Scrub Regions
[2025-01-28T21:29:33.762+0000][gc,marking  ] GC(2) Concurrent Rebuild Remembered Sets and Scrub Regions 5.890ms
[2025-01-28T21:29:33.762+0000][gc,start    ] GC(2) Pause Cleanup
[2025-01-28T21:29:33.762+0000][gc          ] GC(2) Pause Cleanup 11M->11M(1024M) 0.204ms
[2025-01-28T21:29:33.762+0000][gc,cpu      ] GC(2) User=0.00s Sys=0.00s Real=0.00s
[2025-01-28T21:29:33.762+0000][gc,marking  ] GC(2) Concurrent Clear Claimed Marks
[2025-01-28T21:29:33.762+0000][gc,marking  ] GC(2) Concurrent Clear Claimed Marks 0.017ms
[2025-01-28T21:29:33.762+0000][gc,marking  ] GC(2) Concurrent Cleanup for Next Mark
[2025-01-28T21:29:33.774+0000][gc,marking  ] GC(2) Concurrent Cleanup for Next Mark 11.838ms
[2025-01-28T21:29:33.774+0000][gc          ] GC(2) Concurrent Mark Cycle 29.807ms
[2025-01-28T21:29:34.710+0000][gc,start    ] GC(3) Pause Young (Prepare Mixed) (G1 Evacuation Pause)
[2025-01-28T21:29:34.710+0000][gc,task     ] GC(3) Using 2 workers of 2 for evacuation
[2025-01-28T21:29:34.727+0000][gc,phases   ] GC(3)   Pre Evacuate Collection Set: 0.3ms
[2025-01-28T21:29:34.727+0000][gc,phases   ] GC(3)   Merge Heap Roots: 0.1ms
[2025-01-28T21:29:34.727+0000][gc,phases   ] GC(3)   Evacuate Collection Set: 16.3ms
[2025-01-28T21:29:34.727+0000][gc,phases   ] GC(3)   Post Evacuate Collection Set: 0.6ms
[2025-01-28T21:29:34.727+0000][gc,phases   ] GC(3)   Other: 0.0ms
[2025-01-28T21:29:34.727+0000][gc,heap     ] GC(3) Eden regions: 49->0(44)
[2025-01-28T21:29:34.727+0000][gc,heap     ] GC(3) Survivor regions: 2->7(7)
[2025-01-28T21:29:34.727+0000][gc,heap     ] GC(3) Old regions: 10->10
[2025-01-28T21:29:34.727+0000][gc,heap     ] GC(3) Humongous regions: 129->129
[2025-01-28T21:29:34.727+0000][gc,metaspace] GC(3) Metaspace: 33026K(33344K)->33026K(33344K) NonClass: 29488K(29696K)->29488K(29696K) Class: 3537K(3648K)->3537K(3648K)
[2025-01-28T21:29:34.727+0000][gc          ] GC(3) Pause Young (Prepare Mixed) (G1 Evacuation Pause) 189M->144M(1024M) 17.595ms
[2025-01-28T21:29:34.727+0000][gc,cpu      ] GC(3) User=0.03s Sys=0.00s Real=0.02s
[2025-01-28T21:29:34.921+0000][gc,start    ] GC(4) Pause Young (Mixed) (Metadata GC Threshold)
[2025-01-28T21:29:34.921+0000][gc,task     ] GC(4) Using 2 workers of 2 for evacuation
[2025-01-28T21:29:34.932+0000][gc,phases   ] GC(4)   Pre Evacuate Collection Set: 0.2ms
[2025-01-28T21:29:34.932+0000][gc,phases   ] GC(4)   Merge Heap Roots: 0.0ms
[2025-01-28T21:29:34.932+0000][gc,phases   ] GC(4)   Evacuate Collection Set: 10.1ms
[2025-01-28T21:29:34.932+0000][gc,phases   ] GC(4)   Post Evacuate Collection Set: 0.5ms
[2025-01-28T21:29:34.932+0000][gc,phases   ] GC(4)   Other: 0.0ms
[2025-01-28T21:29:34.932+0000][gc,heap     ] GC(4) Eden regions: 12->0(50)
[2025-01-28T21:29:34.932+0000][gc,heap     ] GC(4) Survivor regions: 7->1(7)
[2025-01-28T21:29:34.932+0000][gc,heap     ] GC(4) Old regions: 10->16
[2025-01-28T21:29:34.932+0000][gc,heap     ] GC(4) Humongous regions: 129->129
[2025-01-28T21:29:34.932+0000][gc,metaspace] GC(4) Metaspace: 35855K(36096K)->35855K(36096K) NonClass: 31974K(32128K)->31974K(32128K) Class: 3881K(3968K)->3881K(3968K)
[2025-01-28T21:29:34.932+0000][gc          ] GC(4) Pause Young (Mixed) (Metadata GC Threshold) 156M->145M(1024M) 10.974ms
[2025-01-28T21:29:34.932+0000][gc,cpu      ] GC(4) User=0.02s Sys=0.00s Real=0.01s
[2025-01-28T21:29:34.955+0000][gc,start    ] GC(5) Pause Young (Concurrent Start) (Metadata GC Threshold)
[2025-01-28T21:29:34.955+0000][gc,task     ] GC(5) Using 2 workers of 2 for evacuation
[2025-01-28T21:29:34.957+0000][gc,phases   ] GC(5)   Pre Evacuate Collection Set: 0.2ms
[2025-01-28T21:29:34.957+0000][gc,phases   ] GC(5)   Merge Heap Roots: 0.0ms
[2025-01-28T21:29:34.957+0000][gc,phases   ] GC(5)   Evacuate Collection Set: 1.6ms
[2025-01-28T21:29:34.957+0000][gc,phases   ] GC(5)   Post Evacuate Collection Set: 0.2ms
[2025-01-28T21:29:34.957+0000][gc,phases   ] GC(5)   Other: 0.1ms
[2025-01-28T21:29:34.957+0000][gc,heap     ] GC(5) Eden regions: 2->0(50)
[2025-01-28T21:29:34.957+0000][gc,heap     ] GC(5) Survivor regions: 1->1(7)
[2025-01-28T21:29:34.957+0000][gc,heap     ] GC(5) Old regions: 16->16
[2025-01-28T21:29:34.957+0000][gc,heap     ] GC(5) Humongous regions: 129->129
[2025-01-28T21:29:34.957+0000][gc,metaspace] GC(5) Metaspace: 36146K(36416K)->36146K(36416K) NonClass: 32236K(32384K)->32236K(32384K) Class: 3910K(4032K)->3910K(4032K)
[2025-01-28T21:29:34.957+0000][gc          ] GC(5) Pause Young (Concurrent Start) (Metadata GC Threshold) 146M->145M(1024M) 2.286ms
[2025-01-28T21:29:34.957+0000][gc,cpu      ] GC(5) User=0.00s Sys=0.00s Real=0.00s
[2025-01-28T21:29:34.958+0000][gc          ] GC(6) Concurrent Mark Cycle
[2025-01-28T21:29:34.958+0000][gc,marking  ] GC(6) Concurrent Scan Root Regions
[2025-01-28T21:29:34.959+0000][gc,marking  ] GC(6) Concurrent Scan Root Regions 1.369ms
[2025-01-28T21:29:34.959+0000][gc,marking  ] GC(6) Concurrent Mark
[2025-01-28T21:29:34.959+0000][gc,marking  ] GC(6) Concurrent Mark From Roots
[2025-01-28T21:29:34.959+0000][gc,task     ] GC(6) Using 1 workers of 1 for marking
[2025-01-28T21:29:35.006+0000][gc,marking  ] GC(6) Concurrent Mark From Roots 46.848ms
[2025-01-28T21:29:35.006+0000][gc,marking  ] GC(6) Concurrent Preclean
[2025-01-28T21:29:35.006+0000][gc,marking  ] GC(6) Concurrent Preclean 0.061ms
[2025-01-28T21:29:35.006+0000][gc,start    ] GC(6) Pause Remark
[2025-01-28T21:29:35.010+0000][gc          ] GC(6) Pause Remark 146M->146M(1024M) 4.095ms
[2025-01-28T21:29:35.010+0000][gc,cpu      ] GC(6) User=0.00s Sys=0.00s Real=0.00s
[2025-01-28T21:29:35.011+0000][gc,marking  ] GC(6) Concurrent Mark 51.352ms
[2025-01-28T21:29:35.011+0000][gc,marking  ] GC(6) Concurrent Rebuild Remembered Sets and Scrub Regions
[2025-01-28T21:29:35.034+0000][gc,marking  ] GC(6) Concurrent Rebuild Remembered Sets and Scrub Regions 23.058ms
[2025-01-28T21:29:35.034+0000][gc,start    ] GC(6) Pause Cleanup
[2025-01-28T21:29:35.034+0000][gc          ] GC(6) Pause Cleanup 147M->147M(1024M) 0.330ms
[2025-01-28T21:29:35.034+0000][gc,cpu      ] GC(6) User=0.00s Sys=0.00s Real=0.00s
[2025-01-28T21:29:35.035+0000][gc,marking  ] GC(6) Concurrent Clear Claimed Marks
[2025-01-28T21:29:35.035+0000][gc,marking  ] GC(6) Concurrent Clear Claimed Marks 0.038ms
[2025-01-28T21:29:35.035+0000][gc,marking  ] GC(6) Concurrent Cleanup for Next Mark
[2025-01-28T21:29:35.037+0000][gc,marking  ] GC(6) Concurrent Cleanup for Next Mark 1.906ms
[2025-01-28T21:29:35.037+0000][gc          ] GC(6) Concurrent Mark Cycle 79.474ms
[2025-01-28T21:32:59.724+0000][gc,start    ] GC(7) Pause Young (Prepare Mixed) (G1 Evacuation Pause)
[2025-01-28T21:32:59.724+0000][gc,task     ] GC(7) Using 2 workers of 2 for evacuation
[2025-01-28T21:32:59.732+0000][gc,phases   ] GC(7)   Pre Evacuate Collection Set: 0.2ms
[2025-01-28T21:32:59.732+0000][gc,phases   ] GC(7)   Merge Heap Roots: 0.1ms
[2025-01-28T21:32:59.732+0000][gc,phases   ] GC(7)   Evacuate Collection Set: 6.9ms
[2025-01-28T21:32:59.732+0000][gc,phases   ] GC(7)   Post Evacuate Collection Set: 0.9ms
[2025-01-28T21:32:59.732+0000][gc,phases   ] GC(7)   Other: 0.0ms
[2025-01-28T21:32:59.732+0000][gc,heap     ] GC(7) Eden regions: 50->0(47)
[2025-01-28T21:32:59.732+0000][gc,heap     ] GC(7) Survivor regions: 1->4(7)
[2025-01-28T21:32:59.732+0000][gc,heap     ] GC(7) Old regions: 16->16
[2025-01-28T21:32:59.732+0000][gc,heap     ] GC(7) Humongous regions: 129->129
[2025-01-28T21:32:59.732+0000][gc,metaspace] GC(7) Metaspace: 43830K(44480K)->43830K(44480K) NonClass: 38630K(39040K)->38630K(39040K) Class: 5199K(5440K)->5199K(5440K)
[2025-01-28T21:32:59.732+0000][gc          ] GC(7) Pause Young (Prepare Mixed) (G1 Evacuation Pause) 195M->148M(1024M) 8.280ms
[2025-01-28T21:32:59.732+0000][gc,cpu      ] GC(7) User=0.01s Sys=0.00s Real=0.01s
[2025-01-28T21:32:59.882+0000][gc,heap,exit] Heap
[2025-01-28T21:32:59.882+0000][gc,heap,exit]  garbage-first heap   total 1048576K, used 156943K [0x00000000c0000000, 0x0000000100000000)
[2025-01-28T21:32:59.883+0000][gc,heap,exit]   region size 1024K, 9 young (9216K), 4 survivors (4096K)
[2025-01-28T21:32:59.883+0000][gc,heap,exit]  Metaspace       used 44184K, committed 44800K, reserved 1114112K
[2025-01-28T21:32:59.883+0000][gc,heap,exit]   class space    used 5258K, committed 5504K, reserved 1048576K
